2023-02-10 at 10:21:12 CST DEBUG org.springframework.context.support.AbstractApplicationContext 630 prepareRefresh - Refreshing org.springframework.context.support.ClassPathXmlApplicationContext@4aa83f4f
2023-02-10 at 10:21:12 CST DEBUG org.springframework.beans.factory.xml.XmlBeanDefinitionReader 393 doLoadBeanDefinitions - Loaded 1 bean definitions from class path resource [bean.xml]
2023-02-10 at 10:21:12 CST DEBUG org.springframework.beans.factory.support.DefaultSingletonBeanRegistry 225 getSingleton - Creating shared instance of singleton bean 'user'
2023-02-10 at 10:29:49 CST DEBUG org.springframework.context.support.AbstractApplicationContext 630 prepareRefresh - Refreshing org.springframework.context.support.ClassPathXmlApplicationContext@3ecd267f
2023-02-10 at 10:29:50 CST DEBUG org.springframework.beans.factory.xml.XmlBeanDefinitionReader 393 doLoadBeanDefinitions - Loaded 1 bean definitions from class path resource [bean.xml]
2023-02-10 at 10:29:50 CST DEBUG org.springframework.beans.factory.support.DefaultSingletonBeanRegistry 225 getSingleton - Creating shared instance of singleton bean 'user'
2023-02-10 at 10:29:50 CST INFO  com.atguigu.spring6.TestUser 29 testUserObject - ### 执行调用成功了..
2023-02-10 at 10:41:12 CST DEBUG org.springframework.context.support.AbstractApplicationContext 630 prepareRefresh - Refreshing org.springframework.context.support.ClassPathXmlApplicationContext@1fc0053e
2023-02-10 at 10:41:12 CST DEBUG org.springframework.beans.factory.xml.XmlBeanDefinitionReader 393 doLoadBeanDefinitions - Loaded 1 bean definitions from class path resource [bean.xml]
2023-02-10 at 10:41:12 CST DEBUG org.springframework.beans.factory.support.DefaultSingletonBeanRegistry 225 getSingleton - Creating shared instance of singleton bean 'user'
2023-02-10 at 10:41:12 CST INFO  com.atguigu.spring6.TestUser 26 testUserObject - ### 执行调用成功了..
2023-02-10 at 15:29:16 CST DEBUG org.springframework.context.support.AbstractApplicationContext 630 prepareRefresh - Refreshing org.springframework.context.support.ClassPathXmlApplicationContext@77d2e85
2023-02-10 at 15:29:16 CST DEBUG org.springframework.beans.factory.xml.XmlBeanDefinitionReader 393 doLoadBeanDefinitions - Loaded 1 bean definitions from class path resource [bean.xml]
2023-02-10 at 15:29:16 CST DEBUG org.springframework.beans.factory.support.DefaultSingletonBeanRegistry 225 getSingleton - Creating shared instance of singleton bean 'user'
2023-02-10 at 15:29:16 CST INFO  com.atguigu.spring6.TestUser 26 testUserObject - ### 执行调用成功了..
2023-02-10 at 15:30:58 CST DEBUG org.springframework.context.support.AbstractApplicationContext 630 prepareRefresh - Refreshing org.springframework.context.support.ClassPathXmlApplicationContext@3bd418e4
2023-02-10 at 15:30:58 CST DEBUG org.springframework.beans.factory.xml.XmlBeanDefinitionReader 393 doLoadBeanDefinitions - Loaded 1 bean definitions from class path resource [bean.xml]
2023-02-10 at 15:30:58 CST DEBUG org.springframework.beans.factory.support.DefaultSingletonBeanRegistry 225 getSingleton - Creating shared instance of singleton bean 'user'
2023-02-10 at 15:30:58 CST INFO  com.atguigu.spring6.TestUser 26 testUserObject - ### 执行调用成功了..
2023-02-10 at 15:48:41 CST DEBUG org.springframework.context.support.AbstractApplicationContext 630 prepareRefresh - Refreshing org.springframework.context.support.ClassPathXmlApplicationContext@3e44f2a5
2023-02-10 at 15:50:14 CST DEBUG org.springframework.context.support.AbstractApplicationContext 630 prepareRefresh - Refreshing org.springframework.context.support.ClassPathXmlApplicationContext@4fa1c212
2023-02-10 at 15:58:27 CST DEBUG org.springframework.context.support.AbstractApplicationContext 630 prepareRefresh - Refreshing org.springframework.context.support.ClassPathXmlApplicationContext@62833051
2023-02-10 at 16:02:43 CST DEBUG org.springframework.context.support.AbstractApplicationContext 630 prepareRefresh - Refreshing org.springframework.context.support.ClassPathXmlApplicationContext@4fa1c212
2023-02-10 at 16:04:44 CST DEBUG org.springframework.context.support.AbstractApplicationContext 630 prepareRefresh - Refreshing org.springframework.context.support.ClassPathXmlApplicationContext@4fa1c212
2023-02-11 at 19:36:36 CST DEBUG org.springframework.context.support.AbstractApplicationContext 630 prepareRefresh - Refreshing org.springframework.context.support.ClassPathXmlApplicationContext@77d2e85
2023-02-11 at 19:36:36 CST DEBUG org.springframework.beans.factory.xml.XmlBeanDefinitionReader 393 doLoadBeanDefinitions - Loaded 1 bean definitions from class path resource [bean.xml]
2023-02-11 at 19:36:37 CST DEBUG org.springframework.beans.factory.support.DefaultSingletonBeanRegistry 225 getSingleton - Creating shared instance of singleton bean 'user'
2023-02-11 at 19:36:37 CST INFO  com.atguigu.spring6.TestUser 26 testUserObject - ### 执行调用成功了..
2023-02-11 at 19:49:42 CST DEBUG org.springframework.context.support.AbstractApplicationContext 630 prepareRefresh - Refreshing org.springframework.context.support.ClassPathXmlApplicationContext@77d2e85
2023-02-11 at 19:49:42 CST DEBUG org.springframework.beans.factory.xml.XmlBeanDefinitionReader 393 doLoadBeanDefinitions - Loaded 1 bean definitions from class path resource [bean.xml]
2023-02-11 at 19:49:42 CST DEBUG org.springframework.beans.factory.support.DefaultSingletonBeanRegistry 225 getSingleton - Creating shared instance of singleton bean 'user'
2023-02-11 at 19:49:42 CST INFO  com.atguigu.spring6.TestUser 26 testUserObject - ### 执行调用成功了..
2023-02-22 at 19:51:45 CST DEBUG org.springframework.context.support.AbstractApplicationContext 630 prepareRefresh - Refreshing org.springframework.context.support.ClassPathXmlApplicationContext@23d1e5d0
2023-02-22 at 19:51:45 CST DEBUG org.springframework.beans.factory.xml.XmlBeanDefinitionReader 393 doLoadBeanDefinitions - Loaded 1 bean definitions from class path resource [bean.xml]
2023-02-22 at 19:51:45 CST DEBUG org.springframework.beans.factory.support.DefaultSingletonBeanRegistry 225 getSingleton - Creating shared instance of singleton bean 'user'
2023-02-22 at 19:51:45 CST INFO  com.atguigu.spring6.TestUser 26 testUserObject - ### 执行调用成功了..
2023-02-22 at 19:53:51 CST DEBUG org.springframework.context.support.AbstractApplicationContext 630 prepareRefresh - Refreshing org.springframework.context.support.ClassPathXmlApplicationContext@1b266842
2023-02-22 at 19:54:26 CST DEBUG org.springframework.context.support.AbstractApplicationContext 630 prepareRefresh - Refreshing org.springframework.context.support.ClassPathXmlApplicationContext@1b266842
2023-02-22 at 19:57:47 CST DEBUG org.springframework.context.support.AbstractApplicationContext 630 prepareRefresh - Refreshing org.springframework.context.support.ClassPathXmlApplicationContext@1b266842
2023-02-22 at 20:05:43 CST DEBUG org.springframework.context.support.AbstractApplicationContext 630 prepareRefresh - Refreshing org.springframework.context.support.ClassPathXmlApplicationContext@1b266842
2023-02-22 at 20:05:43 CST DEBUG org.springframework.beans.factory.xml.XmlBeanDefinitionReader 393 doLoadBeanDefinitions - Loaded 3 bean definitions from class path resource [beam.xml]
2023-02-22 at 20:05:43 CST WARN  org.springframework.context.support.AbstractApplicationContext 592 refresh - Exception encountered during context initialization - cancelling refresh attempt: org.springframework.beans.factory.CannotLoadBeanClassException: Cannot find class [com.atguigu.spring6.User] for bean with name 'user' defined in class path resource [beam.xml]
2023-02-22 at 20:07:58 CST DEBUG org.springframework.context.support.AbstractApplicationContext 630 prepareRefresh - Refreshing org.springframework.context.support.ClassPathXmlApplicationContext@1b266842
2023-02-22 at 20:07:58 CST DEBUG org.springframework.beans.factory.xml.XmlBeanDefinitionReader 393 doLoadBeanDefinitions - Loaded 2 bean definitions from class path resource [beam.xml]
2023-02-22 at 20:07:58 CST DEBUG org.springframework.beans.factory.support.DefaultSingletonBeanRegistry 225 getSingleton - Creating shared instance of singleton bean 'user'
2023-02-22 at 20:07:58 CST DEBUG org.springframework.beans.factory.support.DefaultSingletonBeanRegistry 225 getSingleton - Creating shared instance of singleton bean 'user1'
2023-02-22 at 20:13:29 CST DEBUG org.springframework.context.support.AbstractApplicationContext 630 prepareRefresh - Refreshing org.springframework.context.support.ClassPathXmlApplicationContext@4fa1c212
2023-02-22 at 20:13:30 CST DEBUG org.springframework.beans.factory.xml.XmlBeanDefinitionReader 393 doLoadBeanDefinitions - Loaded 2 bean definitions from class path resource [beam.xml]
2023-02-22 at 20:13:30 CST DEBUG org.springframework.beans.factory.support.DefaultSingletonBeanRegistry 225 getSingleton - Creating shared instance of singleton bean 'user'
2023-02-22 at 20:13:30 CST DEBUG org.springframework.beans.factory.support.DefaultSingletonBeanRegistry 225 getSingleton - Creating shared instance of singleton bean 'user1'
2023-02-22 at 20:14:25 CST DEBUG org.springframework.context.support.AbstractApplicationContext 630 prepareRefresh - Refreshing org.springframework.context.support.ClassPathXmlApplicationContext@4fa1c212
2023-02-22 at 20:14:25 CST DEBUG org.springframework.beans.factory.xml.XmlBeanDefinitionReader 393 doLoadBeanDefinitions - Loaded 2 bean definitions from class path resource [beam.xml]
2023-02-22 at 20:14:25 CST DEBUG org.springframework.beans.factory.support.DefaultSingletonBeanRegistry 225 getSingleton - Creating shared instance of singleton bean 'user'
2023-02-22 at 20:14:25 CST DEBUG org.springframework.beans.factory.support.DefaultSingletonBeanRegistry 225 getSingleton - Creating shared instance of singleton bean 'user1'
2023-02-22 at 20:14:47 CST DEBUG org.springframework.context.support.AbstractApplicationContext 630 prepareRefresh - Refreshing org.springframework.context.support.ClassPathXmlApplicationContext@4fa1c212
2023-02-22 at 20:14:48 CST DEBUG org.springframework.beans.factory.xml.XmlBeanDefinitionReader 393 doLoadBeanDefinitions - Loaded 2 bean definitions from class path resource [beam.xml]
2023-02-22 at 20:14:48 CST DEBUG org.springframework.beans.factory.support.DefaultSingletonBeanRegistry 225 getSingleton - Creating shared instance of singleton bean 'user1'
2023-02-22 at 20:14:48 CST DEBUG org.springframework.beans.factory.support.DefaultSingletonBeanRegistry 225 getSingleton - Creating shared instance of singleton bean 'user2'
2023-02-22 at 20:16:03 CST DEBUG org.springframework.context.support.AbstractApplicationContext 630 prepareRefresh - Refreshing org.springframework.context.support.ClassPathXmlApplicationContext@1b266842
2023-02-22 at 20:16:03 CST DEBUG org.springframework.beans.factory.xml.XmlBeanDefinitionReader 393 doLoadBeanDefinitions - Loaded 2 bean definitions from class path resource [beam.xml]
2023-02-22 at 20:16:03 CST DEBUG org.springframework.beans.factory.support.DefaultSingletonBeanRegistry 225 getSingleton - Creating shared instance of singleton bean 'user'
2023-02-22 at 20:16:03 CST DEBUG org.springframework.beans.factory.support.DefaultSingletonBeanRegistry 225 getSingleton - Creating shared instance of singleton bean 'user1'
2023-02-22 at 20:16:16 CST DEBUG org.springframework.context.support.AbstractApplicationContext 630 prepareRefresh - Refreshing org.springframework.context.support.ClassPathXmlApplicationContext@1b266842
2023-02-22 at 20:16:16 CST DEBUG org.springframework.beans.factory.xml.XmlBeanDefinitionReader 393 doLoadBeanDefinitions - Loaded 2 bean definitions from class path resource [beam.xml]
2023-02-22 at 20:16:17 CST DEBUG org.springframework.beans.factory.support.DefaultSingletonBeanRegistry 225 getSingleton - Creating shared instance of singleton bean 'user'
2023-02-22 at 20:16:17 CST DEBUG org.springframework.beans.factory.support.DefaultSingletonBeanRegistry 225 getSingleton - Creating shared instance of singleton bean 'user1'
2023-02-22 at 20:17:42 CST DEBUG org.springframework.context.support.AbstractApplicationContext 630 prepareRefresh - Refreshing org.springframework.context.support.ClassPathXmlApplicationContext@4fa1c212
2023-02-22 at 20:17:42 CST DEBUG org.springframework.beans.factory.xml.XmlBeanDefinitionReader 393 doLoadBeanDefinitions - Loaded 2 bean definitions from class path resource [beam.xml]
2023-02-22 at 20:17:42 CST DEBUG org.springframework.beans.factory.support.DefaultSingletonBeanRegistry 225 getSingleton - Creating shared instance of singleton bean 'user'
2023-02-22 at 20:17:43 CST DEBUG org.springframework.beans.factory.support.DefaultSingletonBeanRegistry 225 getSingleton - Creating shared instance of singleton bean 'user1'
2023-02-22 at 20:36:42 CST DEBUG org.springframework.context.support.AbstractApplicationContext 630 prepareRefresh - Refreshing org.springframework.context.support.ClassPathXmlApplicationContext@1b266842
2023-02-23 at 07:58:01 CST DEBUG org.springframework.context.support.AbstractApplicationContext 630 prepareRefresh - Refreshing org.springframework.context.support.ClassPathXmlApplicationContext@71cf1b07
2023-02-23 at 07:58:51 CST DEBUG org.springframework.context.support.AbstractApplicationContext 630 prepareRefresh - Refreshing org.springframework.context.support.ClassPathXmlApplicationContext@70ab2d48
2023-02-23 at 08:03:34 CST DEBUG org.springframework.context.support.AbstractApplicationContext 630 prepareRefresh - Refreshing org.springframework.context.support.ClassPathXmlApplicationContext@70ab2d48
2023-02-23 at 08:04:48 CST DEBUG org.springframework.context.support.AbstractApplicationContext 630 prepareRefresh - Refreshing org.springframework.context.support.ClassPathXmlApplicationContext@70ab2d48
2023-02-23 at 08:05:32 CST DEBUG org.springframework.context.support.AbstractApplicationContext 630 prepareRefresh - Refreshing org.springframework.context.support.ClassPathXmlApplicationContext@3a393455
2023-02-23 at 08:06:42 CST DEBUG org.springframework.context.support.AbstractApplicationContext 630 prepareRefresh - Refreshing org.springframework.context.support.ClassPathXmlApplicationContext@6f152006
2023-02-23 at 08:06:42 CST DEBUG org.springframework.context.support.AbstractApplicationContext 630 prepareRefresh - Refreshing org.springframework.context.support.ClassPathXmlApplicationContext@5316e95f
2023-02-23 at 08:08:43 CST DEBUG org.springframework.context.support.AbstractApplicationContext 630 prepareRefresh - Refreshing org.springframework.context.support.ClassPathXmlApplicationContext@4aa83f4f
2023-02-23 at 08:08:43 CST DEBUG org.springframework.beans.factory.xml.XmlBeanDefinitionReader 393 doLoadBeanDefinitions - Loaded 2 bean definitions from class path resource [bean-di.xml]
2023-02-23 at 08:08:43 CST DEBUG org.springframework.beans.factory.support.DefaultSingletonBeanRegistry 225 getSingleton - Creating shared instance of singleton bean 'book'
2023-02-23 at 08:08:43 CST DEBUG org.springframework.beans.factory.support.DefaultSingletonBeanRegistry 225 getSingleton - Creating shared instance of singleton bean 'bookCon'
2023-02-23 at 08:08:43 CST WARN  org.springframework.core.LocalVariableTableParameterNameDiscoverer 123 inspectClass - Using deprecated '-debug' fallback for parameter name resolution. Compile the affected code with '-parameters' instead or avoid its introspection: com.atguigu.spring6.iocxml.di.Book
2023-02-23 at 08:08:58 CST DEBUG org.springframework.context.support.AbstractApplicationContext 630 prepareRefresh - Refreshing org.springframework.context.support.ClassPathXmlApplicationContext@3a393455
2023-02-23 at 08:08:58 CST DEBUG org.springframework.beans.factory.xml.XmlBeanDefinitionReader 393 doLoadBeanDefinitions - Loaded 2 bean definitions from class path resource [bean-di.xml]
2023-02-23 at 08:08:58 CST DEBUG org.springframework.beans.factory.support.DefaultSingletonBeanRegistry 225 getSingleton - Creating shared instance of singleton bean 'book'
2023-02-23 at 08:08:58 CST DEBUG org.springframework.beans.factory.support.DefaultSingletonBeanRegistry 225 getSingleton - Creating shared instance of singleton bean 'bookCon'
2023-02-23 at 08:08:58 CST WARN  org.springframework.core.LocalVariableTableParameterNameDiscoverer 123 inspectClass - Using deprecated '-debug' fallback for parameter name resolution. Compile the affected code with '-parameters' instead or avoid its introspection: com.atguigu.spring6.iocxml.di.Book
2023-02-23 at 08:19:24 CST DEBUG org.springframework.context.support.AbstractApplicationContext 630 prepareRefresh - Refreshing org.springframework.context.support.ClassPathXmlApplicationContext@6f152006
2023-02-23 at 08:19:24 CST DEBUG org.springframework.beans.factory.xml.XmlBeanDefinitionReader 393 doLoadBeanDefinitions - Loaded 2 bean definitions from class path resource [bean-di.xml]
2023-02-23 at 08:19:24 CST DEBUG org.springframework.beans.factory.support.DefaultSingletonBeanRegistry 225 getSingleton - Creating shared instance of singleton bean 'book'
2023-02-23 at 08:19:24 CST DEBUG org.springframework.beans.factory.support.DefaultSingletonBeanRegistry 225 getSingleton - Creating shared instance of singleton bean 'bookCon'
2023-02-23 at 08:19:24 CST WARN  org.springframework.core.LocalVariableTableParameterNameDiscoverer 123 inspectClass - Using deprecated '-debug' fallback for parameter name resolution. Compile the affected code with '-parameters' instead or avoid its introspection: com.atguigu.spring6.iocxml.di.Book
2023-02-23 at 08:19:24 CST DEBUG org.springframework.context.support.AbstractApplicationContext 630 prepareRefresh - Refreshing org.springframework.context.support.ClassPathXmlApplicationContext@2db2dd9d
2023-02-23 at 08:19:24 CST DEBUG org.springframework.beans.factory.xml.XmlBeanDefinitionReader 393 doLoadBeanDefinitions - Loaded 2 bean definitions from class path resource [bean-di.xml]
2023-02-23 at 08:19:24 CST DEBUG org.springframework.beans.factory.support.DefaultSingletonBeanRegistry 225 getSingleton - Creating shared instance of singleton bean 'book'
2023-02-23 at 08:19:24 CST DEBUG org.springframework.beans.factory.support.DefaultSingletonBeanRegistry 225 getSingleton - Creating shared instance of singleton bean 'bookCon'
2023-02-23 at 08:19:24 CST WARN  org.springframework.core.LocalVariableTableParameterNameDiscoverer 123 inspectClass - Using deprecated '-debug' fallback for parameter name resolution. Compile the affected code with '-parameters' instead or avoid its introspection: com.atguigu.spring6.iocxml.di.Book
2023-02-23 at 16:40:59 CST DEBUG org.springframework.context.support.AbstractApplicationContext 630 prepareRefresh - Refreshing org.springframework.context.support.ClassPathXmlApplicationContext@4fa1c212
2023-02-23 at 16:40:59 CST DEBUG org.springframework.beans.factory.xml.XmlBeanDefinitionReader 393 doLoadBeanDefinitions - Loaded 2 bean definitions from class path resource [bean-ditest.xml]
2023-02-23 at 16:40:59 CST DEBUG org.springframework.beans.factory.support.DefaultSingletonBeanRegistry 225 getSingleton - Creating shared instance of singleton bean 'dept'
2023-02-23 at 16:40:59 CST DEBUG org.springframework.beans.factory.support.DefaultSingletonBeanRegistry 225 getSingleton - Creating shared instance of singleton bean 'emp'
2023-02-23 at 16:41:26 CST DEBUG org.springframework.context.support.AbstractApplicationContext 630 prepareRefresh - Refreshing org.springframework.context.support.ClassPathXmlApplicationContext@62833051
2023-02-23 at 16:41:26 CST DEBUG org.springframework.beans.factory.xml.XmlBeanDefinitionReader 393 doLoadBeanDefinitions - Loaded 2 bean definitions from class path resource [bean-ditest.xml]
2023-02-23 at 16:41:26 CST DEBUG org.springframework.beans.factory.support.DefaultSingletonBeanRegistry 225 getSingleton - Creating shared instance of singleton bean 'dept'
2023-02-23 at 16:41:26 CST DEBUG org.springframework.beans.factory.support.DefaultSingletonBeanRegistry 225 getSingleton - Creating shared instance of singleton bean 'emp'
2023-02-23 at 16:41:40 CST DEBUG org.springframework.context.support.AbstractApplicationContext 630 prepareRefresh - Refreshing org.springframework.context.support.ClassPathXmlApplicationContext@895e367
2023-02-23 at 16:41:40 CST DEBUG org.springframework.beans.factory.xml.XmlBeanDefinitionReader 393 doLoadBeanDefinitions - Loaded 2 bean definitions from class path resource [bean-ditest.xml]
2023-02-23 at 16:41:40 CST DEBUG org.springframework.beans.factory.support.DefaultSingletonBeanRegistry 225 getSingleton - Creating shared instance of singleton bean 'dept'
2023-02-23 at 16:41:40 CST DEBUG org.springframework.beans.factory.support.DefaultSingletonBeanRegistry 225 getSingleton - Creating shared instance of singleton bean 'emp'
2023-02-23 at 16:43:23 CST DEBUG org.springframework.context.support.AbstractApplicationContext 630 prepareRefresh - Refreshing org.springframework.context.support.ClassPathXmlApplicationContext@1b266842
2023-02-23 at 16:43:24 CST DEBUG org.springframework.beans.factory.xml.XmlBeanDefinitionReader 393 doLoadBeanDefinitions - Loaded 2 bean definitions from class path resource [bean-ditest.xml]
2023-02-23 at 16:43:24 CST DEBUG org.springframework.beans.factory.support.DefaultSingletonBeanRegistry 225 getSingleton - Creating shared instance of singleton bean 'dept'
2023-02-23 at 16:43:24 CST DEBUG org.springframework.beans.factory.support.DefaultSingletonBeanRegistry 225 getSingleton - Creating shared instance of singleton bean 'emp'
2023-02-23 at 16:49:25 CST DEBUG org.springframework.context.support.AbstractApplicationContext 630 prepareRefresh - Refreshing org.springframework.context.support.ClassPathXmlApplicationContext@1b266842
2023-02-23 at 16:49:25 CST DEBUG org.springframework.beans.factory.xml.XmlBeanDefinitionReader 393 doLoadBeanDefinitions - Loaded 2 bean definitions from class path resource [bean-ditest.xml]
2023-02-23 at 16:49:25 CST DEBUG org.springframework.beans.factory.support.DefaultSingletonBeanRegistry 225 getSingleton - Creating shared instance of singleton bean 'dept'
2023-02-23 at 16:49:26 CST DEBUG org.springframework.beans.factory.support.DefaultSingletonBeanRegistry 225 getSingleton - Creating shared instance of singleton bean 'emp'
2023-02-23 at 16:53:58 CST DEBUG org.springframework.context.support.AbstractApplicationContext 630 prepareRefresh - Refreshing org.springframework.context.support.ClassPathXmlApplicationContext@1b266842
2023-02-23 at 16:53:58 CST DEBUG org.springframework.beans.factory.xml.XmlBeanDefinitionReader 393 doLoadBeanDefinitions - Loaded 2 bean definitions from class path resource [bean-ditest.xml]
2023-02-23 at 16:53:59 CST DEBUG org.springframework.beans.factory.support.DefaultSingletonBeanRegistry 225 getSingleton - Creating shared instance of singleton bean 'dept'
2023-02-23 at 16:53:59 CST DEBUG org.springframework.beans.factory.support.DefaultSingletonBeanRegistry 225 getSingleton - Creating shared instance of singleton bean 'emp'
2023-02-23 at 17:06:17 CST DEBUG org.springframework.context.support.AbstractApplicationContext 630 prepareRefresh - Refreshing org.springframework.context.support.ClassPathXmlApplicationContext@4fa1c212
2023-02-23 at 17:06:17 CST DEBUG org.springframework.beans.factory.xml.XmlBeanDefinitionReader 393 doLoadBeanDefinitions - Loaded 3 bean definitions from class path resource [bean-ditest.xml]
2023-02-23 at 17:06:17 CST DEBUG org.springframework.beans.factory.support.DefaultSingletonBeanRegistry 225 getSingleton - Creating shared instance of singleton bean 'dept'
2023-02-23 at 17:06:17 CST DEBUG org.springframework.beans.factory.support.DefaultSingletonBeanRegistry 225 getSingleton - Creating shared instance of singleton bean 'emp'
2023-02-23 at 17:06:17 CST DEBUG org.springframework.beans.factory.support.DefaultSingletonBeanRegistry 225 getSingleton - Creating shared instance of singleton bean 'emp2'
2023-02-23 at 17:24:03 CST DEBUG org.springframework.context.support.AbstractApplicationContext 630 prepareRefresh - Refreshing org.springframework.context.support.ClassPathXmlApplicationContext@1b266842
2023-02-23 at 17:24:03 CST DEBUG org.springframework.beans.factory.xml.XmlBeanDefinitionReader 393 doLoadBeanDefinitions - Loaded 2 bean definitions from class path resource [bean-diarray.xml]
2023-02-23 at 17:24:03 CST DEBUG org.springframework.beans.factory.support.DefaultSingletonBeanRegistry 225 getSingleton - Creating shared instance of singleton bean 'dept'
2023-02-23 at 17:24:03 CST DEBUG org.springframework.beans.factory.support.DefaultSingletonBeanRegistry 225 getSingleton - Creating shared instance of singleton bean 'emp'
2023-02-23 at 17:55:41 CST DEBUG org.springframework.context.support.AbstractApplicationContext 630 prepareRefresh - Refreshing org.springframework.context.support.ClassPathXmlApplicationContext@1b266842
2023-02-23 at 17:55:42 CST DEBUG org.springframework.beans.factory.xml.XmlBeanDefinitionReader 393 doLoadBeanDefinitions - Loaded 3 bean definitions from class path resource [bean-dilist.xml]
2023-02-23 at 17:55:42 CST DEBUG org.springframework.beans.factory.support.DefaultSingletonBeanRegistry 225 getSingleton - Creating shared instance of singleton bean 'empone'
2023-02-23 at 17:55:42 CST DEBUG org.springframework.beans.factory.support.DefaultSingletonBeanRegistry 225 getSingleton - Creating shared instance of singleton bean 'emptwo'
2023-02-23 at 17:55:42 CST DEBUG org.springframework.beans.factory.support.DefaultSingletonBeanRegistry 225 getSingleton - Creating shared instance of singleton bean 'dept'
2023-02-23 at 18:28:42 CST DEBUG org.springframework.context.support.AbstractApplicationContext 630 prepareRefresh - Refreshing org.springframework.context.support.ClassPathXmlApplicationContext@4fce136b
2023-02-24 at 15:37:17 CST DEBUG org.springframework.context.support.AbstractApplicationContext 630 prepareRefresh - Refreshing org.springframework.context.support.ClassPathXmlApplicationContext@7f284218
2023-02-24 at 15:37:17 CST DEBUG org.springframework.beans.factory.xml.XmlBeanDefinitionReader 393 doLoadBeanDefinitions - Loaded 2 bean definitions from class path resource [bean-diarray.xml]
2023-02-24 at 15:37:17 CST DEBUG org.springframework.beans.factory.support.DefaultSingletonBeanRegistry 225 getSingleton - Creating shared instance of singleton bean 'dept'
2023-02-24 at 15:37:17 CST DEBUG org.springframework.beans.factory.support.DefaultSingletonBeanRegistry 225 getSingleton - Creating shared instance of singleton bean 'emp'
2023-02-24 at 15:39:10 CST DEBUG org.springframework.context.support.AbstractApplicationContext 630 prepareRefresh - Refreshing org.springframework.context.support.ClassPathXmlApplicationContext@1b266842
2023-02-24 at 15:39:10 CST DEBUG org.springframework.beans.factory.xml.XmlBeanDefinitionReader 393 doLoadBeanDefinitions - Loaded 2 bean definitions from class path resource [bean-diarray.xml]
2023-02-24 at 15:39:10 CST DEBUG org.springframework.beans.factory.support.DefaultSingletonBeanRegistry 225 getSingleton - Creating shared instance of singleton bean 'dept'
2023-02-24 at 15:39:10 CST DEBUG org.springframework.beans.factory.support.DefaultSingletonBeanRegistry 225 getSingleton - Creating shared instance of singleton bean 'emp'
2023-02-24 at 15:41:14 CST DEBUG org.springframework.context.support.AbstractApplicationContext 630 prepareRefresh - Refreshing org.springframework.context.support.ClassPathXmlApplicationContext@4fa1c212
2023-02-24 at 15:41:15 CST DEBUG org.springframework.beans.factory.xml.XmlBeanDefinitionReader 393 doLoadBeanDefinitions - Loaded 2 bean definitions from class path resource [bean-diarray.xml]
2023-02-24 at 15:41:15 CST DEBUG org.springframework.beans.factory.support.DefaultSingletonBeanRegistry 225 getSingleton - Creating shared instance of singleton bean 'dept'
2023-02-24 at 15:41:15 CST DEBUG org.springframework.beans.factory.support.DefaultSingletonBeanRegistry 225 getSingleton - Creating shared instance of singleton bean 'emp'
2023-02-24 at 15:41:41 CST DEBUG org.springframework.context.support.AbstractApplicationContext 630 prepareRefresh - Refreshing org.springframework.context.support.ClassPathXmlApplicationContext@1b266842
2023-02-24 at 15:41:41 CST DEBUG org.springframework.beans.factory.xml.XmlBeanDefinitionReader 393 doLoadBeanDefinitions - Loaded 2 bean definitions from class path resource [bean-diarray.xml]
2023-02-24 at 15:41:41 CST DEBUG org.springframework.beans.factory.support.DefaultSingletonBeanRegistry 225 getSingleton - Creating shared instance of singleton bean 'dept'
2023-02-24 at 15:41:42 CST DEBUG org.springframework.beans.factory.support.DefaultSingletonBeanRegistry 225 getSingleton - Creating shared instance of singleton bean 'emp'
2023-02-24 at 16:01:44 CST DEBUG org.springframework.context.support.AbstractApplicationContext 630 prepareRefresh - Refreshing org.springframework.context.support.ClassPathXmlApplicationContext@62833051
2023-02-24 at 16:01:44 CST DEBUG org.springframework.beans.factory.xml.XmlBeanDefinitionReader 393 doLoadBeanDefinitions - Loaded 3 bean definitions from class path resource [bean-dilist.xml]
2023-02-24 at 16:01:44 CST DEBUG org.springframework.beans.factory.support.DefaultSingletonBeanRegistry 225 getSingleton - Creating shared instance of singleton bean 'empone'
2023-02-24 at 16:01:44 CST DEBUG org.springframework.beans.factory.support.DefaultSingletonBeanRegistry 225 getSingleton - Creating shared instance of singleton bean 'emptwo'
2023-02-24 at 16:01:44 CST DEBUG org.springframework.beans.factory.support.DefaultSingletonBeanRegistry 225 getSingleton - Creating shared instance of singleton bean 'dept'
2023-02-24 at 16:01:54 CST DEBUG org.springframework.context.support.AbstractApplicationContext 630 prepareRefresh - Refreshing org.springframework.context.support.ClassPathXmlApplicationContext@4fa1c212
2023-02-24 at 16:01:54 CST DEBUG org.springframework.beans.factory.xml.XmlBeanDefinitionReader 393 doLoadBeanDefinitions - Loaded 3 bean definitions from class path resource [bean-dilist.xml]
2023-02-24 at 16:01:54 CST DEBUG org.springframework.beans.factory.support.DefaultSingletonBeanRegistry 225 getSingleton - Creating shared instance of singleton bean 'empone'
2023-02-24 at 16:01:54 CST DEBUG org.springframework.beans.factory.support.DefaultSingletonBeanRegistry 225 getSingleton - Creating shared instance of singleton bean 'emptwo'
2023-02-24 at 16:01:54 CST DEBUG org.springframework.beans.factory.support.DefaultSingletonBeanRegistry 225 getSingleton - Creating shared instance of singleton bean 'dept'
2023-02-24 at 16:29:47 CST DEBUG org.springframework.context.support.AbstractApplicationContext 630 prepareRefresh - Refreshing org.springframework.context.support.ClassPathXmlApplicationContext@71cf1b07
2023-02-24 at 16:30:17 CST DEBUG org.springframework.context.support.AbstractApplicationContext 630 prepareRefresh - Refreshing org.springframework.context.support.ClassPathXmlApplicationContext@6f152006
2023-02-24 at 16:30:18 CST DEBUG org.springframework.beans.factory.xml.XmlBeanDefinitionReader 393 doLoadBeanDefinitions - Loaded 3 bean definitions from class path resource [bean-dimap.xml]
2023-02-24 at 16:30:18 CST DEBUG org.springframework.beans.factory.support.DefaultSingletonBeanRegistry 225 getSingleton - Creating shared instance of singleton bean 'teacherone'
2023-02-24 at 16:30:18 CST DEBUG org.springframework.beans.factory.support.DefaultSingletonBeanRegistry 225 getSingleton - Creating shared instance of singleton bean 'teachertwo'
2023-02-24 at 16:30:18 CST DEBUG org.springframework.beans.factory.support.DefaultSingletonBeanRegistry 225 getSingleton - Creating shared instance of singleton bean 'student'
2023-02-24 at 16:31:15 CST DEBUG org.springframework.context.support.AbstractApplicationContext 630 prepareRefresh - Refreshing org.springframework.context.support.ClassPathXmlApplicationContext@6f152006
2023-02-24 at 16:31:16 CST DEBUG org.springframework.beans.factory.xml.XmlBeanDefinitionReader 393 doLoadBeanDefinitions - Loaded 3 bean definitions from class path resource [bean-dimap.xml]
2023-02-24 at 16:31:16 CST DEBUG org.springframework.beans.factory.support.DefaultSingletonBeanRegistry 225 getSingleton - Creating shared instance of singleton bean 'teacherone'
2023-02-24 at 16:31:16 CST DEBUG org.springframework.beans.factory.support.DefaultSingletonBeanRegistry 225 getSingleton - Creating shared instance of singleton bean 'teachertwo'
2023-02-24 at 16:31:16 CST DEBUG org.springframework.beans.factory.support.DefaultSingletonBeanRegistry 225 getSingleton - Creating shared instance of singleton bean 'student'
2023-02-24 at 17:17:20 CST DEBUG org.springframework.context.support.AbstractApplicationContext 630 prepareRefresh - Refreshing org.springframework.context.support.ClassPathXmlApplicationContext@71cf1b07
2023-02-24 at 17:17:21 CST DEBUG org.springframework.beans.factory.xml.XmlBeanDefinitionReader 393 doLoadBeanDefinitions - Loaded 8 bean definitions from class path resource [bean-diref.xml]
2023-02-24 at 17:17:21 CST DEBUG org.springframework.beans.factory.support.DefaultSingletonBeanRegistry 225 getSingleton - Creating shared instance of singleton bean 'studentp'
2023-02-24 at 17:17:21 CST WARN  org.springframework.context.support.AbstractApplicationContext 592 refresh - Exception encountered during context initialization - cancelling refresh attempt: org.springframework.beans.factory.BeanCreationException: Error creating bean with name 'studentp' defined in class path resource [bean-diref.xml]: Cannot resolve reference to bean 'lessList' while setting bean property 'lessonList'
2023-02-24 at 17:18:52 CST DEBUG org.springframework.context.support.AbstractApplicationContext 630 prepareRefresh - Refreshing org.springframework.context.support.ClassPathXmlApplicationContext@4fce136b
2023-02-24 at 17:18:52 CST DEBUG org.springframework.beans.factory.xml.XmlBeanDefinitionReader 393 doLoadBeanDefinitions - Loaded 8 bean definitions from class path resource [bean-diref.xml]
2023-02-24 at 17:18:53 CST DEBUG org.springframework.beans.factory.support.DefaultSingletonBeanRegistry 225 getSingleton - Creating shared instance of singleton bean 'studentp'
2023-02-24 at 17:18:53 CST DEBUG org.springframework.beans.factory.support.DefaultSingletonBeanRegistry 225 getSingleton - Creating shared instance of singleton bean 'lessonList'
2023-02-24 at 17:18:53 CST DEBUG org.springframework.beans.factory.support.DefaultSingletonBeanRegistry 225 getSingleton - Creating shared instance of singleton bean 'lessonone'
2023-02-24 at 17:18:53 CST DEBUG org.springframework.beans.factory.support.DefaultSingletonBeanRegistry 225 getSingleton - Creating shared instance of singleton bean 'lessontwo'
2023-02-24 at 17:18:53 CST DEBUG org.springframework.beans.factory.support.DefaultSingletonBeanRegistry 225 getSingleton - Creating shared instance of singleton bean 'teacherMap'
2023-02-24 at 17:18:53 CST DEBUG org.springframework.beans.factory.support.DefaultSingletonBeanRegistry 225 getSingleton - Creating shared instance of singleton bean 'teacherone'
2023-02-24 at 17:18:53 CST DEBUG org.springframework.beans.factory.support.DefaultSingletonBeanRegistry 225 getSingleton - Creating shared instance of singleton bean 'teachertwo'
2023-02-24 at 17:18:53 CST DEBUG org.springframework.beans.factory.support.DefaultSingletonBeanRegistry 225 getSingleton - Creating shared instance of singleton bean 'studnet'
2023-02-24 at 17:19:29 CST DEBUG org.springframework.context.support.AbstractApplicationContext 630 prepareRefresh - Refreshing org.springframework.context.support.ClassPathXmlApplicationContext@4fce136b
2023-02-24 at 17:19:29 CST DEBUG org.springframework.beans.factory.xml.XmlBeanDefinitionReader 393 doLoadBeanDefinitions - Loaded 8 bean definitions from class path resource [bean-diref.xml]
2023-02-24 at 17:19:29 CST DEBUG org.springframework.beans.factory.support.DefaultSingletonBeanRegistry 225 getSingleton - Creating shared instance of singleton bean 'studentp'
2023-02-24 at 17:19:29 CST DEBUG org.springframework.beans.factory.support.DefaultSingletonBeanRegistry 225 getSingleton - Creating shared instance of singleton bean 'lessonList'
2023-02-24 at 17:19:29 CST DEBUG org.springframework.beans.factory.support.DefaultSingletonBeanRegistry 225 getSingleton - Creating shared instance of singleton bean 'lessonone'
2023-02-24 at 17:19:29 CST DEBUG org.springframework.beans.factory.support.DefaultSingletonBeanRegistry 225 getSingleton - Creating shared instance of singleton bean 'lessontwo'
2023-02-24 at 17:19:29 CST DEBUG org.springframework.beans.factory.support.DefaultSingletonBeanRegistry 225 getSingleton - Creating shared instance of singleton bean 'teacherMap'
2023-02-24 at 17:19:29 CST DEBUG org.springframework.beans.factory.support.DefaultSingletonBeanRegistry 225 getSingleton - Creating shared instance of singleton bean 'teacherone'
2023-02-24 at 17:19:29 CST DEBUG org.springframework.beans.factory.support.DefaultSingletonBeanRegistry 225 getSingleton - Creating shared instance of singleton bean 'teachertwo'
2023-02-24 at 17:19:29 CST DEBUG org.springframework.beans.factory.support.DefaultSingletonBeanRegistry 225 getSingleton - Creating shared instance of singleton bean 'student'
2023-02-24 at 17:54:48 CST DEBUG org.springframework.context.support.AbstractApplicationContext 630 prepareRefresh - Refreshing org.springframework.context.support.ClassPathXmlApplicationContext@70ab2d48
2023-02-24 at 17:54:48 CST DEBUG org.springframework.beans.factory.xml.XmlBeanDefinitionReader 393 doLoadBeanDefinitions - Loaded 2 bean definitions from class path resource [bean-jdbc.xml]
2023-02-24 at 17:54:48 CST DEBUG org.springframework.beans.factory.support.DefaultSingletonBeanRegistry 225 getSingleton - Creating shared instance of singleton bean 'org.springframework.context.support.PropertySourcesPlaceholderConfigurer#0'
2023-02-24 at 17:54:48 CST DEBUG org.springframework.core.env.PropertySourcesPropertyResolver 115 logKeyFound - Found key 'jdbc.url' in PropertySource 'localProperties' with value of type String
2023-02-24 at 17:54:48 CST DEBUG org.springframework.core.env.PropertySourcesPropertyResolver 115 logKeyFound - Found key 'jdbc.user' in PropertySource 'localProperties' with value of type String
2023-02-24 at 17:54:48 CST DEBUG org.springframework.core.env.PropertySourcesPropertyResolver 115 logKeyFound - Found key 'jdbc.password' in PropertySource 'localProperties' with value of type String
2023-02-24 at 17:54:48 CST DEBUG org.springframework.core.env.PropertySourcesPropertyResolver 115 logKeyFound - Found key 'jdbc.driver' in PropertySource 'localProperties' with value of type String
2023-02-24 at 17:54:48 CST DEBUG org.springframework.beans.factory.support.DefaultSingletonBeanRegistry 225 getSingleton - Creating shared instance of singleton bean 'druidDataSource'
2023-02-25 at 15:54:51 CST DEBUG org.springframework.context.support.AbstractApplicationContext 630 prepareRefresh - Refreshing org.springframework.context.support.ClassPathXmlApplicationContext@5f77d0f9
2023-02-25 at 15:54:51 CST DEBUG org.springframework.beans.factory.xml.XmlBeanDefinitionReader 393 doLoadBeanDefinitions - Loaded 1 bean definitions from class path resource [bean-scope.xml]
2023-02-25 at 15:54:51 CST DEBUG org.springframework.beans.factory.support.DefaultSingletonBeanRegistry 225 getSingleton - Creating shared instance of singleton bean 'orders'
2023-02-25 at 15:56:16 CST DEBUG org.springframework.context.support.AbstractApplicationContext 630 prepareRefresh - Refreshing org.springframework.context.support.ClassPathXmlApplicationContext@6736fa8d
2023-02-25 at 15:56:16 CST DEBUG org.springframework.beans.factory.xml.XmlBeanDefinitionReader 393 doLoadBeanDefinitions - Loaded 1 bean definitions from class path resource [bean-scope.xml]
2023-02-25 at 16:26:44 CST DEBUG org.springframework.context.support.AbstractApplicationContext 630 prepareRefresh - Refreshing org.springframework.context.support.ClassPathXmlApplicationContext@5f77d0f9
2023-02-25 at 16:26:44 CST DEBUG org.springframework.beans.factory.xml.XmlBeanDefinitionReader 393 doLoadBeanDefinitions - Loaded 2 bean definitions from class path resource [bean-life.xml]
2023-02-25 at 16:26:44 CST DEBUG org.springframework.beans.factory.support.DefaultSingletonBeanRegistry 225 getSingleton - Creating shared instance of singleton bean 'myBeanPost'
2023-02-25 at 16:26:44 CST DEBUG org.springframework.beans.factory.support.DefaultSingletonBeanRegistry 225 getSingleton - Creating shared instance of singleton bean 'user'
2023-02-25 at 16:26:44 CST DEBUG org.springframework.context.support.AbstractApplicationContext 1029 doClose - Closing org.springframework.context.support.ClassPathXmlApplicationContext@5f77d0f9, started on Sat Feb 25 16:26:44 CST 2023
2023-02-25 at 16:34:20 CST DEBUG org.springframework.context.support.AbstractApplicationContext 630 prepareRefresh - Refreshing org.springframework.context.support.ClassPathXmlApplicationContext@6736fa8d
2023-02-25 at 16:34:20 CST DEBUG org.springframework.beans.factory.xml.XmlBeanDefinitionReader 393 doLoadBeanDefinitions - Loaded 2 bean definitions from class path resource [bean-life.xml]
2023-02-25 at 16:34:20 CST DEBUG org.springframework.beans.factory.support.DefaultSingletonBeanRegistry 225 getSingleton - Creating shared instance of singleton bean 'myBeanPost'
2023-02-25 at 16:34:20 CST DEBUG org.springframework.beans.factory.support.DefaultSingletonBeanRegistry 225 getSingleton - Creating shared instance of singleton bean 'user'
2023-02-25 at 16:34:21 CST DEBUG org.springframework.context.support.AbstractApplicationContext 1029 doClose - Closing org.springframework.context.support.ClassPathXmlApplicationContext@6736fa8d, started on Sat Feb 25 16:34:20 CST 2023
2023-02-25 at 16:42:40 CST DEBUG org.springframework.context.support.AbstractApplicationContext 630 prepareRefresh - Refreshing org.springframework.context.support.ClassPathXmlApplicationContext@5f77d0f9
2023-02-25 at 16:42:40 CST DEBUG org.springframework.beans.factory.xml.XmlBeanDefinitionReader 393 doLoadBeanDefinitions - Loaded 1 bean definitions from class path resource [bean-factorybean.xml]
2023-02-25 at 16:42:41 CST DEBUG org.springframework.beans.factory.support.DefaultSingletonBeanRegistry 225 getSingleton - Creating shared instance of singleton bean 'user'
2023-02-25 at 22:04:43 CST DEBUG org.springframework.context.support.AbstractApplicationContext 630 prepareRefresh - Refreshing org.springframework.context.support.ClassPathXmlApplicationContext@5f77d0f9
2023-02-25 at 22:04:43 CST DEBUG org.springframework.beans.factory.xml.XmlBeanDefinitionReader 393 doLoadBeanDefinitions - Loaded 3 bean definitions from class path resource [bean-auto.xml]
2023-02-25 at 22:04:43 CST DEBUG org.springframework.beans.factory.support.DefaultSingletonBeanRegistry 225 getSingleton - Creating shared instance of singleton bean 'userController'
2023-02-25 at 22:04:43 CST DEBUG org.springframework.beans.factory.support.DefaultSingletonBeanRegistry 225 getSingleton - Creating shared instance of singleton bean 'userService'
2023-02-25 at 22:04:43 CST DEBUG org.springframework.beans.factory.support.DefaultSingletonBeanRegistry 225 getSingleton - Creating shared instance of singleton bean 'userDao'
2023-02-27 at 17:07:31 CST DEBUG org.springframework.context.support.AbstractApplicationContext 630 prepareRefresh - Refreshing org.springframework.context.support.ClassPathXmlApplicationContext@748741cb
2023-02-27 at 17:07:31 CST DEBUG org.springframework.beans.factory.xml.XmlBeanDefinitionReader 393 doLoadBeanDefinitions - Loaded 3 bean definitions from class path resource [bean-auto.xml]
2023-02-27 at 17:07:31 CST DEBUG org.springframework.beans.factory.support.DefaultSingletonBeanRegistry 225 getSingleton - Creating shared instance of singleton bean 'userController'
2023-02-27 at 17:07:31 CST DEBUG org.springframework.beans.factory.support.DefaultSingletonBeanRegistry 225 getSingleton - Creating shared instance of singleton bean 'userService'
2023-02-27 at 17:07:31 CST DEBUG org.springframework.beans.factory.support.DefaultSingletonBeanRegistry 225 getSingleton - Creating shared instance of singleton bean 'userDao'
